app/build/intermediates/manifest_merge_blame_file/debug/manifest-merger-blame-debug-report.txt
1<?xml version="1.0" encoding="utf-8"?>
2<manifest xmlns:android="http://schemas.android.com/apk/res/android"
3    package="com.shibu.shibusmart.browser"
4    android:versionCode="1"
5    android:versionName="1.0" >
6
7    <uses-sdk
8        android:minSdkVersion="21"
8-->src/main/AndroidManifest.xml
9        android:targetSdkVersion="33" />
9-->src/main/AndroidManifest.xml
10
11    <uses-permission android:name="android.permission.INTERNET" />
11-->src/main/AndroidManifest.xml:5:5-67
11-->src/main/AndroidManifest.xml:5:22-64
12    <uses-permission android:name="android.permission.ACCESS_NETWORK_STATE" />
12-->src/main/AndroidManifest.xml:6:5-79
12-->src/main/AndroidManifest.xml:6:22-76
13    <uses-permission android:name="android.permission.ACCESS_WIFI_STATE" />
13-->src/main/AndroidManifest.xml:7:5-76
13-->src/main/AndroidManifest.xml:7:22-73
14    <uses-permission
14-->src/main/AndroidManifest.xml:8:5-9:51
15        android:name="android.permission.WRITE_EXTERNAL_STORAGE"
15-->src/main/AndroidManifest.xml:8:22-78
16        android:maxSdkVersion="28" />
16-->src/main/AndroidManifest.xml:9:22-48
17    <uses-permission
17-->src/main/AndroidManifest.xml:10:5-11:51
18        android:name="android.permission.READ_EXTERNAL_STORAGE"
18-->src/main/AndroidManifest.xml:10:22-77
19        android:maxSdkVersion="32" />
19-->src/main/AndroidManifest.xml:11:22-48
20    <uses-permission android:name="android.permission.FOREGROUND_SERVICE" />
20-->src/main/AndroidManifest.xml:12:5-77
20-->src/main/AndroidManifest.xml:12:22-74
21    <uses-permission android:name="android.permission.USE_BIOMETRIC" />
21-->src/main/AndroidManifest.xml:13:5-72
21-->src/main/AndroidManifest.xml:13:22-69
22    <uses-permission android:name="android.permission.DOWNLOAD_WITHOUT_NOTIFICATION" />
22-->src/main/AndroidManifest.xml:14:5-88
22-->src/main/AndroidManifest.xml:14:22-85
23    <uses-permission android:name="android.permission.REQUEST_INSTALL_PACKAGES" />
23-->src/main/AndroidManifest.xml:15:5-83
23-->src/main/AndroidManifest.xml:15:22-80
24    <uses-permission android:name="android.permission.WAKE_LOCK" />
24-->src/main/AndroidManifest.xml:16:5-68
24-->src/main/AndroidManifest.xml:16:22-65
25
26    <!-- suppress DeprecatedClassUsageInspection -->
27    <uses-permission android:name="android.permission.USE_FINGERPRINT" />
27-->[androidx.biometric:biometric:1.1.0] AndroidManifest.xml:27:5-74
27-->[androidx.biometric:biometric:1.1.0] AndroidManifest.xml:27:22-71
28    <uses-permission android:name="android.permission.RECEIVE_BOOT_COMPLETED" />
28-->[androidx.work:work-runtime:2.8.1] AndroidManifest.xml:25:5-81
28-->[androidx.work:work-runtime:2.8.1] AndroidManifest.xml:25:22-78
29
30    <permission
30-->[androidx.core:core:1.9.0] AndroidManifest.xml:22:5-24:47
31        android:name="com.shibu.shibusmart.browser.DYNAMIC_RECEIVER_NOT_EXPORTED_PERMISSION"
31-->[androidx.core:core:1.9.0] AndroidManifest.xml:23:9-81
32        android:protectionLevel="signature" />
32-->[androidx.core:core:1.9.0] AndroidManifest.xml:24:9-44
33
34    <uses-permission android:name="com.shibu.shibusmart.browser.DYNAMIC_RECEIVER_NOT_EXPORTED_PERMISSION" />
34-->[androidx.core:core:1.9.0] AndroidManifest.xml:26:5-97
34-->[androidx.core:core:1.9.0] AndroidManifest.xml:26:22-94
35
36    <application
36-->src/main/AndroidManifest.xml:18:5-96:19
37        android:name="com.shibu.shibusmart.browser.ShibuSmartBrowserApp"
37-->src/main/AndroidManifest.xml:19:9-45
38        android:allowBackup="true"
38-->src/main/AndroidManifest.xml:20:9-35
39        android:appComponentFactory="androidx.core.app.CoreComponentFactory"
39-->[androidx.core:core:1.9.0] AndroidManifest.xml:28:18-86
40        android:debuggable="true"
41        android:icon="@drawable/ic_launcher"
41-->src/main/AndroidManifest.xml:21:9-45
42        android:label="@string/app_name"
42-->src/main/AndroidManifest.xml:22:9-41
43        android:requestLegacyExternalStorage="true"
43-->src/main/AndroidManifest.xml:27:9-52
44        android:roundIcon="@drawable/ic_launcher_round"
44-->src/main/AndroidManifest.xml:23:9-56
45        android:supportsRtl="true"
45-->src/main/AndroidManifest.xml:24:9-35
46        android:theme="@style/Theme.ShibuSmartBrowser"
46-->src/main/AndroidManifest.xml:25:9-55
47        android:usesCleartextTraffic="true" >
47-->src/main/AndroidManifest.xml:26:9-44
48        <activity
48-->src/main/AndroidManifest.xml:29:9-46:20
49            android:name="com.shibu.shibusmart.browser.MainActivity"
49-->src/main/AndroidManifest.xml:30:13-41
50            android:configChanges="orientation|screenSize|screenLayout|keyboardHidden"
50-->src/main/AndroidManifest.xml:31:13-87
51            android:exported="true"
51-->src/main/AndroidManifest.xml:32:13-36
52            android:launchMode="singleTask"
52-->src/main/AndroidManifest.xml:33:13-44
53            android:theme="@style/Theme.ShibuSmartBrowser.NoActionBar" >
53-->src/main/AndroidManifest.xml:34:13-71
54            <intent-filter>
54-->src/main/AndroidManifest.xml:35:13-38:29
55                <action android:name="android.intent.action.MAIN" />
55-->src/main/AndroidManifest.xml:36:17-69
55-->src/main/AndroidManifest.xml:36:25-66
56
57                <category android:name="android.intent.category.LAUNCHER" />
57-->src/main/AndroidManifest.xml:37:17-77
57-->src/main/AndroidManifest.xml:37:27-74
58            </intent-filter>
59            <intent-filter>
59-->src/main/AndroidManifest.xml:39:13-45:29
60                <action android:name="android.intent.action.VIEW" />
60-->src/main/AndroidManifest.xml:40:17-69
60-->src/main/AndroidManifest.xml:40:25-66
61
62                <category android:name="android.intent.category.DEFAULT" />
62-->src/main/AndroidManifest.xml:41:17-76
62-->src/main/AndroidManifest.xml:41:27-73
63                <category android:name="android.intent.category.BROWSABLE" />
63-->src/main/AndroidManifest.xml:42:17-78
63-->src/main/AndroidManifest.xml:42:27-75
64
65                <data android:scheme="http" />
65-->src/main/AndroidManifest.xml:43:17-47
65-->src/main/AndroidManifest.xml:43:23-44
66                <data android:scheme="https" />
66-->src/main/AndroidManifest.xml:43:17-47
66-->src/main/AndroidManifest.xml:43:23-44
67            </intent-filter>
68        </activity>
69        <activity
69-->src/main/AndroidManifest.xml:48:9-51:58
70            android:name="com.shibu.shibusmart.browser.SettingsActivity"
70-->src/main/AndroidManifest.xml:49:13-45
71            android:label="@string/title_activity_settings"
71-->src/main/AndroidManifest.xml:50:13-60
72            android:parentActivityName="com.shibu.shibusmart.browser.MainActivity" />
72-->src/main/AndroidManifest.xml:51:13-55
73        <activity
73-->src/main/AndroidManifest.xml:53:9-56:58
74            android:name="com.shibu.shibusmart.browser.DownloadManagerActivity"
74-->src/main/AndroidManifest.xml:54:13-52
75            android:label="@string/title_activity_downloads"
75-->src/main/AndroidManifest.xml:55:13-61
76            android:parentActivityName="com.shibu.shibusmart.browser.MainActivity" />
76-->src/main/AndroidManifest.xml:56:13-55
77        <activity
77-->src/main/AndroidManifest.xml:58:9-61:58
78            android:name="com.shibu.shibusmart.browser.BookmarksActivity"
78-->src/main/AndroidManifest.xml:59:13-46
79            android:label="@string/title_activity_bookmarks"
79-->src/main/AndroidManifest.xml:60:13-61
80            android:parentActivityName="com.shibu.shibusmart.browser.MainActivity" />
80-->src/main/AndroidManifest.xml:61:13-55
81        <activity
81-->src/main/AndroidManifest.xml:63:9-66:58
82            android:name="com.shibu.shibusmart.browser.HistoryActivity"
82-->src/main/AndroidManifest.xml:64:13-44
83            android:label="@string/title_activity_history"
83-->src/main/AndroidManifest.xml:65:13-59
84            android:parentActivityName="com.shibu.shibusmart.browser.MainActivity" />
84-->src/main/AndroidManifest.xml:66:13-55
85        <activity
85-->src/main/AndroidManifest.xml:68:9-71:74
86            android:name="com.shibu.shibusmart.browser.AppLockActivity"
86-->src/main/AndroidManifest.xml:69:13-44
87            android:label="@string/title_activity_app_lock"
87-->src/main/AndroidManifest.xml:70:13-60
88            android:theme="@style/Theme.ShibuSmartBrowser.NoActionBar" />
88-->src/main/AndroidManifest.xml:71:13-71
89
90        <service
90-->src/main/AndroidManifest.xml:73:9-75:40
91            android:name="com.shibu.shibusmart.browser.services.DownloadService"
91-->src/main/AndroidManifest.xml:74:13-53
92            android:exported="false" />
92-->src/main/AndroidManifest.xml:75:13-37
93        <service
93-->src/main/AndroidManifest.xml:77:9-84:19
94            android:name="com.shibu.shibusmart.browser.services.VpnService"
94-->src/main/AndroidManifest.xml:78:13-48
95            android:exported="false"
95-->src/main/AndroidManifest.xml:80:13-37
96            android:permission="android.permission.BIND_VPN_SERVICE" >
96-->src/main/AndroidManifest.xml:79:13-69
97            <intent-filter>
97-->src/main/AndroidManifest.xml:81:13-83:29
98                <action android:name="android.net.VpnService" />
98-->src/main/AndroidManifest.xml:82:17-65
98-->src/main/AndroidManifest.xml:82:25-62
99            </intent-filter>
100        </service>
101
102        <provider
103            android:name="androidx.core.content.FileProvider"
103-->src/main/AndroidManifest.xml:87:13-62
104            android:authorities="com.shibu.shibusmart.browser.provider"
104-->src/main/AndroidManifest.xml:88:13-60
105            android:exported="false"
105-->src/main/AndroidManifest.xml:89:13-37
106            android:grantUriPermissions="true" >
106-->src/main/AndroidManifest.xml:90:13-47
107            <meta-data
107-->src/main/AndroidManifest.xml:91:13-93:54
108                android:name="android.support.FILE_PROVIDER_PATHS"
108-->src/main/AndroidManifest.xml:92:17-67
109                android:resource="@xml/file_paths" />
109-->src/main/AndroidManifest.xml:93:17-51
110        </provider>
111        <provider
111-->[androidx.work:work-runtime:2.8.1] AndroidManifest.xml:29:9-37:20
112            android:name="androidx.startup.InitializationProvider"
112-->[androidx.work:work-runtime:2.8.1] AndroidManifest.xml:30:13-67
113            android:authorities="com.shibu.shibusmart.browser.androidx-startup"
113-->[androidx.work:work-runtime:2.8.1] AndroidManifest.xml:31:13-68
114            android:exported="false" >
114-->[androidx.work:work-runtime:2.8.1] AndroidManifest.xml:32:13-37
115            <meta-data
115-->[androidx.work:work-runtime:2.8.1] AndroidManifest.xml:34:13-36:52
116                android:name="androidx.work.WorkManagerInitializer"
116-->[androidx.work:work-runtime:2.8.1] AndroidManifest.xml:35:17-68
117                android:value="androidx.startup" />
117-->[androidx.work:work-runtime:2.8.1] AndroidManifest.xml:36:17-49
118            <meta-data
118-->[androidx.emoji2:emoji2:1.2.0] AndroidManifest.xml:29:13-31:52
119                android:name="androidx.emoji2.text.EmojiCompatInitializer"
119-->[androidx.emoji2:emoji2:1.2.0] AndroidManifest.xml:30:17-75
120                android:value="androidx.startup" />
120-->[androidx.emoji2:emoji2:1.2.0] AndroidManifest.xml:31:17-49
121            <meta-data
121-->[androidx.lifecycle:lifecycle-process:2.4.1] AndroidManifest.xml:31:13-33:52
122                android:name="androidx.lifecycle.ProcessLifecycleInitializer"
122-->[androidx.lifecycle:lifecycle-process:2.4.1] AndroidManifest.xml:32:17-78
123                android:value="androidx.startup" />
123-->[androidx.lifecycle:lifecycle-process:2.4.1] AndroidManifest.xml:33:17-49
124        </provider>
125
126        <service
126-->[androidx.work:work-runtime:2.8.1] AndroidManifest.xml:39:9-45:35
127            android:name="androidx.work.impl.background.systemalarm.SystemAlarmService"
127-->[androidx.work:work-runtime:2.8.1] AndroidManifest.xml:40:13-88
128            android:directBootAware="false"
128-->[androidx.work:work-runtime:2.8.1] AndroidManifest.xml:41:13-44
129            android:enabled="@bool/enable_system_alarm_service_default"
129-->[androidx.work:work-runtime:2.8.1] AndroidManifest.xml:42:13-72
130            android:exported="false" />
130-->[androidx.work:work-runtime:2.8.1] AndroidManifest.xml:43:13-37
131        <service
131-->[androidx.work:work-runtime:2.8.1] AndroidManifest.xml:46:9-52:35
132            android:name="androidx.work.impl.background.systemjob.SystemJobService"
132-->[androidx.work:work-runtime:2.8.1] AndroidManifest.xml:47:13-84
133            android:directBootAware="false"
133-->[androidx.work:work-runtime:2.8.1] AndroidManifest.xml:48:13-44
134            android:enabled="@bool/enable_system_job_service_default"
134-->[androidx.work:work-runtime:2.8.1] AndroidManifest.xml:49:13-70
135            android:exported="true"
135-->[androidx.work:work-runtime:2.8.1] AndroidManifest.xml:50:13-36
136            android:permission="android.permission.BIND_JOB_SERVICE" />
136-->[androidx.work:work-runtime:2.8.1] AndroidManifest.xml:51:13-69
137        <service
137-->[androidx.work:work-runtime:2.8.1] AndroidManifest.xml:53:9-59:35
138            android:name="androidx.work.impl.foreground.SystemForegroundService"
138-->[androidx.work:work-runtime:2.8.1] AndroidManifest.xml:54:13-81
139            android:directBootAware="false"
139-->[androidx.work:work-runtime:2.8.1] AndroidManifest.xml:55:13-44
140            android:enabled="@bool/enable_system_foreground_service_default"
140-->[androidx.work:work-runtime:2.8.1] AndroidManifest.xml:56:13-77
141            android:exported="false" />
141-->[androidx.work:work-runtime:2.8.1] AndroidManifest.xml:57:13-37
142
143        <receiver
143-->[androidx.work:work-runtime:2.8.1] AndroidManifest.xml:61:9-66:35
144            android:name="androidx.work.impl.utils.ForceStopRunnable$BroadcastReceiver"
144-->[androidx.work:work-runtime:2.8.1] AndroidManifest.xml:62:13-88
145            android:directBootAware="false"
145-->[androidx.work:work-runtime:2.8.1] AndroidManifest.xml:63:13-44
146            android:enabled="true"
146-->[androidx.work:work-runtime:2.8.1] AndroidManifest.xml:64:13-35
147            android:exported="false" />
147-->[androidx.work:work-runtime:2.8.1] AndroidManifest.xml:65:13-37
148        <receiver
148-->[androidx.work:work-runtime:2.8.1] AndroidManifest.xml:67:9-77:20
149            android:name="androidx.work.impl.background.systemalarm.ConstraintProxy$BatteryChargingProxy"
149-->[androidx.work:work-runtime:2.8.1] AndroidManifest.xml:68:13-106
150            android:directBootAware="false"
150-->[androidx.work:work-runtime:2.8.1] AndroidManifest.xml:69:13-44
151            android:enabled="false"
151-->[androidx.work:work-runtime:2.8.1] AndroidManifest.xml:70:13-36
152            android:exported="false" >
152-->[androidx.work:work-runtime:2.8.1] AndroidManifest.xml:71:13-37
153            <intent-filter>
153-->[androidx.work:work-runtime:2.8.1] AndroidManifest.xml:73:13-76:29
154                <action android:name="android.intent.action.ACTION_POWER_CONNECTED" />
154-->[androidx.work:work-runtime:2.8.1] AndroidManifest.xml:74:17-87
154-->[androidx.work:work-runtime:2.8.1] AndroidManifest.xml:74:25-84
155                <action android:name="android.intent.action.ACTION_POWER_DISCONNECTED" />
155-->[androidx.work:work-runtime:2.8.1] AndroidManifest.xml:75:17-90
155-->[androidx.work:work-runtime:2.8.1] AndroidManifest.xml:75:25-87
156            </intent-filter>
157        </receiver>
158        <receiver
158-->[androidx.work:work-runtime:2.8.1] AndroidManifest.xml:78:9-88:20
159            android:name="androidx.work.impl.background.systemalarm.ConstraintProxy$BatteryNotLowProxy"
159-->[androidx.work:work-runtime:2.8.1] AndroidManifest.xml:79:13-104
160            android:directBootAware="false"
160-->[androidx.work:work-runtime:2.8.1] AndroidManifest.xml:80:13-44
161            android:enabled="false"
161-->[androidx.work:work-runtime:2.8.1] AndroidManifest.xml:81:13-36
162            android:exported="false" >
162-->[androidx.work:work-runtime:2.8.1] AndroidManifest.xml:82:13-37
163            <intent-filter>
163-->[androidx.work:work-runtime:2.8.1] AndroidManifest.xml:84:13-87:29
164                <action android:name="android.intent.action.BATTERY_OKAY" />
164-->[androidx.work:work-runtime:2.8.1] AndroidManifest.xml:85:17-77
164-->[androidx.work:work-runtime:2.8.1] AndroidManifest.xml:85:25-74
165                <action android:name="android.intent.action.BATTERY_LOW" />
165-->[androidx.work:work-runtime:2.8.1] AndroidManifest.xml:86:17-76
165-->[androidx.work:work-runtime:2.8.1] AndroidManifest.xml:86:25-73
166            </intent-filter>
167        </receiver>
168        <receiver
168-->[androidx.work:work-runtime:2.8.1] AndroidManifest.xml:89:9-99:20
169            android:name="androidx.work.impl.background.systemalarm.ConstraintProxy$StorageNotLowProxy"
169-->[androidx.work:work-runtime:2.8.1] AndroidManifest.xml:90:13-104
170            android:directBootAware="false"
170-->[androidx.work:work-runtime:2.8.1] AndroidManifest.xml:91:13-44
171            android:enabled="false"
171-->[androidx.work:work-runtime:2.8.1] AndroidManifest.xml:92:13-36
172            android:exported="false" >
172-->[androidx.work:work-runtime:2.8.1] AndroidManifest.xml:93:13-37
173            <intent-filter>
173-->[androidx.work:work-runtime:2.8.1] AndroidManifest.xml:95:13-98:29
174                <action android:name="android.intent.action.DEVICE_STORAGE_LOW" />
174-->[androidx.work:work-runtime:2.8.1] AndroidManifest.xml:96:17-83
174-->[androidx.work:work-runtime:2.8.1] AndroidManifest.xml:96:25-80
175                <action android:name="android.intent.action.DEVICE_STORAGE_OK" />
175-->[androidx.work:work-runtime:2.8.1] AndroidManifest.xml:97:17-82
175-->[androidx.work:work-runtime:2.8.1] AndroidManifest.xml:97:25-79
176            </intent-filter>
177        </receiver>
178        <receiver
178-->[androidx.work:work-runtime:2.8.1] AndroidManifest.xml:100:9-109:20
179            android:name="androidx.work.impl.background.systemalarm.ConstraintProxy$NetworkStateProxy"
179-->[androidx.work:work-runtime:2.8.1] AndroidManifest.xml:101:13-103
180            android:directBootAware="false"
180-->[androidx.work:work-runtime:2.8.1] AndroidManifest.xml:102:13-44
181            android:enabled="false"
181-->[androidx.work:work-runtime:2.8.1] AndroidManifest.xml:103:13-36
182            android:exported="false" >
182-->[androidx.work:work-runtime:2.8.1] AndroidManifest.xml:104:13-37
183            <intent-filter>
183-->[androidx.work:work-runtime:2.8.1] AndroidManifest.xml:106:13-108:29
184                <action android:name="android.net.conn.CONNECTIVITY_CHANGE" />
184-->[androidx.work:work-runtime:2.8.1] AndroidManifest.xml:107:17-79
184-->[androidx.work:work-runtime:2.8.1] AndroidManifest.xml:107:25-76
185            </intent-filter>
186        </receiver>
187        <receiver
187-->[androidx.work:work-runtime:2.8.1] AndroidManifest.xml:110:9-121:20
188            android:name="androidx.work.impl.background.systemalarm.RescheduleReceiver"
188-->[androidx.work:work-runtime:2.8.1] AndroidManifest.xml:111:13-88
189            android:directBootAware="false"
189-->[androidx.work:work-runtime:2.8.1] AndroidManifest.xml:112:13-44
190            android:enabled="false"
190-->[androidx.work:work-runtime:2.8.1] AndroidManifest.xml:113:13-36
191            android:exported="false" >
191-->[androidx.work:work-runtime:2.8.1] AndroidManifest.xml:114:13-37
192            <intent-filter>
192-->[androidx.work:work-runtime:2.8.1] AndroidManifest.xml:116:13-120:29
193                <action android:name="android.intent.action.BOOT_COMPLETED" />
193-->[androidx.work:work-runtime:2.8.1] AndroidManifest.xml:117:17-79
193-->[androidx.work:work-runtime:2.8.1] AndroidManifest.xml:117:25-76
194                <action android:name="android.intent.action.TIME_SET" />
194-->[androidx.work:work-runtime:2.8.1] AndroidManifest.xml:118:17-73
194-->[androidx.work:work-runtime:2.8.1] AndroidManifest.xml:118:25-70
195                <action android:name="android.intent.action.TIMEZONE_CHANGED" />
195-->[androidx.work:work-runtime:2.8.1] AndroidManifest.xml:119:17-81
195-->[androidx.work:work-runtime:2.8.1] AndroidManifest.xml:119:25-78
196            </intent-filter>
197        </receiver>
198        <receiver
198-->[androidx.work:work-runtime:2.8.1] AndroidManifest.xml:122:9-131:20
199            android:name="androidx.work.impl.background.systemalarm.ConstraintProxyUpdateReceiver"
199-->[androidx.work:work-runtime:2.8.1] AndroidManifest.xml:123:13-99
200            android:directBootAware="false"
200-->[androidx.work:work-runtime:2.8.1] AndroidManifest.xml:124:13-44
201            android:enabled="@bool/enable_system_alarm_service_default"
201-->[androidx.work:work-runtime:2.8.1] AndroidManifest.xml:125:13-72
202            android:exported="false" >
202-->[androidx.work:work-runtime:2.8.1] AndroidManifest.xml:126:13-37
203            <intent-filter>
203-->[androidx.work:work-runtime:2.8.1] AndroidManifest.xml:128:13-130:29
204                <action android:name="androidx.work.impl.background.systemalarm.UpdateProxies" />
204-->[androidx.work:work-runtime:2.8.1] AndroidManifest.xml:129:17-98
204-->[androidx.work:work-runtime:2.8.1] AndroidManifest.xml:129:25-95
205            </intent-filter>
206        </receiver>
207        <receiver
207-->[androidx.work:work-runtime:2.8.1] AndroidManifest.xml:132:9-142:20
208            android:name="androidx.work.impl.diagnostics.DiagnosticsReceiver"
208-->[androidx.work:work-runtime:2.8.1] AndroidManifest.xml:133:13-78
209            android:directBootAware="false"
209-->[androidx.work:work-runtime:2.8.1] AndroidManifest.xml:134:13-44
210            android:enabled="true"
210-->[androidx.work:work-runtime:2.8.1] AndroidManifest.xml:135:13-35
211            android:exported="true"
211-->[androidx.work:work-runtime:2.8.1] AndroidManifest.xml:136:13-36
212            android:permission="android.permission.DUMP" >
212-->[androidx.work:work-runtime:2.8.1] AndroidManifest.xml:137:13-57
213            <intent-filter>
213-->[androidx.work:work-runtime:2.8.1] AndroidManifest.xml:139:13-141:29
214                <action android:name="androidx.work.diagnostics.REQUEST_DIAGNOSTICS" />
214-->[androidx.work:work-runtime:2.8.1] AndroidManifest.xml:140:17-88
214-->[androidx.work:work-runtime:2.8.1] AndroidManifest.xml:140:25-85
215            </intent-filter>
216        </receiver>
217
218        <uses-library
218-->[androidx.window:window:1.0.0] AndroidManifest.xml:25:9-27:40
219            android:name="androidx.window.extensions"
219-->[androidx.window:window:1.0.0] AndroidManifest.xml:26:13-54
220            android:required="false" />
220-->[androidx.window:window:1.0.0] AndroidManifest.xml:27:13-37
221        <uses-library
221-->[androidx.window:window:1.0.0] AndroidManifest.xml:28:9-30:40
222            android:name="androidx.window.sidecar"
222-->[androidx.window:window:1.0.0] AndroidManifest.xml:29:13-51
223            android:required="false" />
223-->[androidx.window:window:1.0.0] AndroidManifest.xml:30:13-37
224
225        <service
225-->[androidx.room:room-runtime:2.5.0] AndroidManifest.xml:24:9-28:63
226            android:name="androidx.room.MultiInstanceInvalidationService"
226-->[androidx.room:room-runtime:2.5.0] AndroidManifest.xml:25:13-74
227            android:directBootAware="true"
227-->[androidx.room:room-runtime:2.5.0] AndroidManifest.xml:26:13-43
228            android:exported="false" />
228-->[androidx.room:room-runtime:2.5.0] AndroidManifest.xml:27:13-37
229    </application>
230
231</manifest>